<?xml version="1.0" encoding="UTF-8"?>
<Site BuildName="(empty)"
	BuildStamp="20260524-1019-Experimental"
	Name="pi4"
	Generator="ctest-3.22.1"
	CompilerName="/usr/bin/c++"
	CompilerVersion="11.4.0"
	OSName="Linux"
	Hostname="pi4"
	OSRelease="5.15.98-rt62-raspi"
	OSVersion="#1 SMP PREEMPT_RT Sun May 7 10:39:42 UTC 2023"
	OSPlatform="aarch64"
	Is64Bits="1"
	VendorString=""
	VendorID="Unknown Manufacturer"
	FamilyID="8"
	ModelID="0"
	ProcessorCacheSize="0"
	NumberOfLogicalCPU="4"
	NumberOfPhysicalCPU="1"
	TotalVirtualMemory="4095"
	TotalPhysicalMemory="7807"
	LogicalProcessorsPerPhysical="4"
	ProcessorClockFrequency="0"
	>
	<Testing>
		<StartDateTime>May 24 19:16 UTC</StartDateTime>
		<StartTestTime>1779650212</StartTestTime>
		<TestList/>
		<EndDateTime>May 24 19:16 UTC</EndDateTime>
		<EndTestTime>1779650212</EndTestTime>
		<ElapsedMinutes>0</ElapsedMinutes>
	</Testing>
</Site>
